  Projekt_Psio.cpp
C:\Users\michal\source\repos\Projekt_Psio\Projekt_Psio.cpp(9,15): warning C4244: "argument": konwersja z "time_t" do "unsigned int", możliwa utrata danych
C:\Users\michal\source\repos\Projekt_Psio\Projekt_Psio.cpp(27,34): warning C4305: "argument": obcięcie z "double" do "float"
C:\Users\michal\source\repos\Projekt_Psio\Projekt_Psio.cpp(44,54): warning C4244: "argument": konwersja z "int" do "float", możliwa utrata danych
C:\Users\michal\source\repos\Projekt_Psio\Projekt_Psio.cpp(44,41): warning C4244: "argument": konwersja z "int" do "float", możliwa utrata danych
C:\Users\michal\source\repos\Projekt_Psio\Projekt_Psio.cpp(51,52): warning C4244: "argument": konwersja z "int" do "float", możliwa utrata danych
C:\Users\michal\source\repos\Projekt_Psio\Projekt_Psio.cpp(51,39): warning C4244: "argument": konwersja z "int" do "float", możliwa utrata danych
C:\Users\michal\source\repos\Projekt_Psio\Projekt_Psio.cpp(58,58): warning C4244: "argument": konwersja z "int" do "float", możliwa utrata danych
C:\Users\michal\source\repos\Projekt_Psio\Projekt_Psio.cpp(58,39): warning C4244: "argument": konwersja z "int" do "float", możliwa utrata danych
C:\Users\michal\source\repos\Projekt_Psio\Projekt_Psio.cpp(66,38): warning C4244: "argument": konwersja z "int" do "float", możliwa utrata danych
C:\Users\michal\source\repos\Projekt_Psio\Projekt_Psio.cpp(67,40): warning C4305: "argument": obcięcie z "double" do "float"
C:\Users\michal\source\repos\Projekt_Psio\Projekt_Psio.cpp(89,31): warning C4018: "<": niezgodność typu ze znakiem/bez znaku
C:\Users\michal\source\repos\Projekt_Psio\Projekt_Psio.cpp(98,31): warning C4018: "<": niezgodność typu ze znakiem/bez znaku
C:\Users\michal\source\repos\Projekt_Psio\Projekt_Psio.cpp(106,31): warning C4018: "<": niezgodność typu ze znakiem/bez znaku
C:\Users\michal\source\repos\Projekt_Psio\Projekt_Psio.cpp(112,31): warning C4018: "<": niezgodność typu ze znakiem/bez znaku
C:\Users\michal\source\repos\Projekt_Psio\Projekt_Psio.cpp(139,47): warning C4244: "argument": konwersja z "int" do "float", możliwa utrata danych
C:\Users\michal\source\repos\Projekt_Psio\Projekt_Psio.cpp(140,51): warning C4305: "argument": obcięcie z "double" do "float"
C:\Users\michal\source\repos\Projekt_Psio\Projekt_Psio.cpp(152,89): warning C4244: "=": konwersja z "int" do "float", możliwa utrata danych
C:\Users\michal\source\repos\Projekt_Psio\Projekt_Psio.cpp(163,45): warning C4305: "argument": obcięcie z "double" do "float"
C:\Users\michal\source\repos\Projekt_Psio\Projekt_Psio.cpp(173,41): warning C4305: "argument": obcięcie z "double" do "float"
C:\Users\michal\source\repos\Projekt_Psio\Projekt_Psio.cpp(190,31): warning C4018: "<": niezgodność typu ze znakiem/bez znaku
C:\Users\michal\source\repos\Projekt_Psio\Projekt_Psio.cpp(195,31): warning C4018: "<": niezgodność typu ze znakiem/bez znaku
Projekt_Psio.obj : error LNK2019: nierozpoznany symbol zewnętrzny "__declspec(dllimport) public: __thiscall sf::String::String(char const *,class std::locale const &)" (__imp_??0String@sf@@QAE@PBDABVlocale@std@@@Z) przywołany w funkcji _main
Projekt_Psio.obj : error LNK2019: nierozpoznany symbol zewnętrzny "__declspec(dllimport) public: __thiscall sf::String::~String(void)" (__imp_??1String@sf@@QAE@XZ) przywołany w funkcji _main
Projekt_Psio.obj : error LNK2019: nierozpoznany symbol zewnętrzny "__declspec(dllimport) public: static bool __cdecl sf::Keyboard::isKeyPressed(enum sf::Keyboard::Key)" (__imp_?isKeyPressed@Keyboard@sf@@SA_NW4Key@12@@Z) przywołany w funkcji _main
Projekt_Psio.obj : error LNK2019: nierozpoznany symbol zewnętrzny "__declspec(dllimport) public: __thiscall sf::VideoMode::VideoMode(unsigned int,unsigned int,unsigned int)" (__imp_??0VideoMode@sf@@QAE@III@Z) przywołany w funkcji _main
Projekt_Psio.obj : error LNK2019: nierozpoznany symbol zewnętrzny "__declspec(dllimport) public: void __thiscall sf::Window::close(void)" (__imp_?close@Window@sf@@QAEXXZ) przywołany w funkcji _main
Projekt_Psio.obj : error LNK2019: nierozpoznany symbol zewnętrzny "__declspec(dllimport) public: bool __thiscall sf::Window::isOpen(void)const " (__imp_?isOpen@Window@sf@@QBE_NXZ) przywołany w funkcji _main
Projekt_Psio.obj : error LNK2019: nierozpoznany symbol zewnętrzny "__declspec(dllimport) public: bool __thiscall sf::Window::pollEvent(class sf::Event &)" (__imp_?pollEvent@Window@sf@@QAE_NAAVEvent@2@@Z) przywołany w funkcji _main
Projekt_Psio.obj : error LNK2019: nierozpoznany symbol zewnętrzny "__declspec(dllimport) public: void __thiscall sf::Window::setFramerateLimit(unsigned int)" (__imp_?setFramerateLimit@Window@sf@@QAEXI@Z) przywołany w funkcji _main
Projekt_Psio.obj : error LNK2019: nierozpoznany symbol zewnętrzny "__declspec(dllimport) public: void __thiscall sf::Window::display(void)" (__imp_?display@Window@sf@@QAEXXZ) przywołany w funkcji _main
Projekt_Psio.obj : error LNK2019: nierozpoznany symbol zewnętrzny "__declspec(dllimport) public: void __thiscall sf::Transformable::setPosition(float,float)" (__imp_?setPosition@Transformable@sf@@QAEXMM@Z) przywołany w funkcji _main
Projekt_Psio.obj : error LNK2019: nierozpoznany symbol zewnętrzny "__declspec(dllimport) public: void __thiscall sf::Transformable::setScale(float,float)" (__imp_?setScale@Transformable@sf@@QAEXMM@Z) przywołany w funkcji _main
Projekt_Psio.obj : error LNK2019: nierozpoznany symbol zewnętrzny "__declspec(dllimport) public: class sf::Vector2<float> const & __thiscall sf::Transformable::getPosition(void)const " (__imp_?getPosition@Transformable@sf@@QBEABV?$Vector2@M@2@XZ) przywołany w funkcji _main
Projekt_Psio.obj : error LNK2019: nierozpoznany symbol zewnętrzny "__declspec(dllimport) public: void __thiscall sf::Transformable::move(float,float)" (__imp_?move@Transformable@sf@@QAEXMM@Z) przywołany w funkcji _main
Projekt_Psio.obj : error LNK2019: nierozpoznany symbol zewnętrzny "__declspec(dllimport) public: __thiscall sf::Color::Color(unsigned char,unsigned char,unsigned char,unsigned char)" (__imp_??0Color@sf@@QAE@EEEE@Z) przywołany w funkcji _main
Projekt_Psio.obj : error LNK2019: nierozpoznany symbol zewnętrzny "__declspec(dllimport) public: __thiscall sf::Texture::Texture(void)" (__imp_??0Texture@sf@@QAE@XZ) przywołany w funkcji _main
Projekt_Psio.obj : error LNK2019: nierozpoznany symbol zewnętrzny "__declspec(dllimport) public: __thiscall sf::Texture::~Texture(void)" (__imp_??1Texture@sf@@QAE@XZ) przywołany w funkcji _main
Projekt_Psio.obj : error LNK2019: nierozpoznany symbol zewnętrzny "__declspec(dllimport) public: bool __thiscall sf::Texture::loadFromFile(class std::basic_string<char,struct std::char_traits<char>,class std::allocator<char> > const &,class sf::Rect<int> const &)" (__imp_?loadFromFile@Texture@sf@@QAE_NABV?$basic_string@DU?$char_traits@D@std@@V?$allocator@D@2@@std@@ABV?$Rect@H@2@@Z) przywołany w funkcji _main
Projekt_Psio.obj : error LNK2019: nierozpoznany symbol zewnętrzny "__declspec(dllimport) public: void __thiscall sf::RenderTarget::clear(class sf::Color const &)" (__imp_?clear@RenderTarget@sf@@QAEXABVColor@2@@Z) przywołany w funkcji _main
Projekt_Psio.obj : error LNK2019: nierozpoznany symbol zewnętrzny "__declspec(dllimport) public: void __thiscall sf::RenderTarget::draw(class sf::Drawable const &,class sf::RenderStates const &)" (__imp_?draw@RenderTarget@sf@@QAEXABVDrawable@2@ABVRenderStates@2@@Z) przywołany w funkcji _main
Projekt_Psio.obj : error LNK2019: nierozpoznany symbol zewnętrzny "__declspec(dllimport) public: __thiscall sf::RenderWindow::RenderWindow(class sf::VideoMode,class sf::String const &,unsigned int,struct sf::ContextSettings const &)" (__imp_??0RenderWindow@sf@@QAE@VVideoMode@1@ABVString@1@IABUContextSettings@1@@Z) przywołany w funkcji _main
Projekt_Psio.obj : error LNK2019: nierozpoznany symbol zewnętrzny "__declspec(dllimport) public: virtual __thiscall sf::RenderWindow::~RenderWindow(void)" (__imp_??1RenderWindow@sf@@UAE@XZ) przywołany w funkcji _main
Projekt_Psio.obj : error LNK2019: nierozpoznany symbol zewnętrzny "__declspec(dllimport) public: __thiscall sf::Sprite::Sprite(void)" (__imp_??0Sprite@sf@@QAE@XZ) przywołany w funkcji _main
Projekt_Psio.obj : error LNK2019: nierozpoznany symbol zewnętrzny "__declspec(dllimport) public: __thiscall sf::Sprite::Sprite(class sf::Texture const &)" (__imp_??0Sprite@sf@@QAE@ABVTexture@1@@Z) przywołany w funkcji _main
Projekt_Psio.obj : error LNK2019: nierozpoznany symbol zewnętrzny "__declspec(dllimport) public: void __thiscall sf::Sprite::setTexture(class sf::Texture const &,bool)" (__imp_?setTexture@Sprite@sf@@QAEXABVTexture@2@_N@Z) przywołany w funkcji _main
Projekt_Psio.obj : error LNK2019: nierozpoznany symbol zewnętrzny "__declspec(dllimport) public: class sf::Rect<float> __thiscall sf::Sprite::getGlobalBounds(void)const " (__imp_?getGlobalBounds@Sprite@sf@@QBE?AV?$Rect@M@2@XZ) przywołany w funkcji _main
Projekt_Psio.obj : error LNK2019: nierozpoznany symbol zewnętrzny "__declspec(dllimport) public: virtual __thiscall sf::Sprite::~Sprite(void)" (__imp_??1Sprite@sf@@UAE@XZ) przywołany w funkcji "public: virtual void * __thiscall sf::Sprite::`scalar deleting destructor'(unsigned int)" (??_GSprite@sf@@UAEPAXI@Z)
Projekt_Psio.obj : error LNK2019: nierozpoznany symbol zewnętrzny "__declspec(dllimport) public: __thiscall sf::Sprite::Sprite(class sf::Sprite const &)" (__imp_??0Sprite@sf@@QAE@ABV01@@Z) przywołany w funkcji _main
Projekt_Psio.obj : error LNK2019: nierozpoznany symbol zewnętrzny "__declspec(dllimport) public: __thiscall sf::Sprite::Sprite(class sf::Sprite &&)" (__imp_??0Sprite@sf@@QAE@$$QAV01@@Z) przywołany w funkcji "public: static void __cdecl std::_Default_allocator_traits<class std::allocator<class sf::Sprite> >::construct<class sf::Sprite,class sf::Sprite>(class std::allocator<class sf::Sprite> &,class sf::Sprite * const,class sf::Sprite &&)" (??$construct@VSprite@sf@@V12@@?$_Default_allocator_traits@V?$allocator@VSprite@sf@@@std@@@std@@SAXAAV?$allocator@VSprite@sf@@@1@QAVSprite@sf@@$$QAV34@@Z)
Projekt_Psio.obj : error LNK2019: nierozpoznany symbol zewnętrzny "__declspec(dllimport) public: class sf::Sprite & __thiscall sf::Sprite::operator=(class sf::Sprite &&)" (__imp_??4Sprite@sf@@QAEAAV01@$$QAV01@@Z) przywołany w funkcji "class sf::Sprite * __cdecl std::_Move_unchecked<class sf::Sprite *,class sf::Sprite *>(class sf::Sprite *,class sf::Sprite *,class sf::Sprite *)" (??$_Move_unchecked@PAVSprite@sf@@PAV12@@std@@YAPAVSprite@sf@@PAV12@00@Z)
Projekt_Psio.obj : error LNK2001: nierozpoznany symbol zewnętrzny "private: virtual void __thiscall sf::Sprite::draw(class sf::RenderTarget &,class sf::RenderStates)const " (?draw@Sprite@sf@@EBEXAAVRenderTarget@2@VRenderStates@2@@Z)
Projekt_Psio.obj : error LNK2019: nierozpoznany symbol zewnętrzny "__declspec(dllimport) public: static class sf::RenderStates const sf::RenderStates::Default" (__imp_?Default@RenderStates@sf@@2V12@B) przywołany w funkcji _main
C:\Users\michal\Documents\SFML-2.5.1\lib\sfml-graphics.lib : warning LNK4272: wystąpił konflikt typu maszyny biblioteki „x64” z typem maszyny docelowej „x86”
C:\Users\michal\Documents\SFML-2.5.1\lib\sfml-window.lib : warning LNK4272: wystąpił konflikt typu maszyny biblioteki „x64” z typem maszyny docelowej „x86”
C:\Users\michal\Documents\SFML-2.5.1\lib\sfml-system.lib : warning LNK4272: wystąpił konflikt typu maszyny biblioteki „x64” z typem maszyny docelowej „x86”
C:\Users\michal\source\repos\Projekt_Psio\Debug\Projekt_Psio.exe : fatal error LNK1120: liczba nierozpoznanych elementów zewnętrznych: 31
